FDTD Solutions Version 8.19.1584 (Windows 64bit)
 expires (month/day/year): 12/31/2025
using config file: C:/Users/Pi/AppData/Roaming/Lumerical/FDTD Solutions.ini
license host: <a href=http://localhost:8095>localhost:8095</a>
current time: Thu Aug 29 12:36:33 2019
Running on host: Pi
All processes are communicating and ready to proceed to simulation...
Running fsp file: D:\FDTD\bin\fdtd-engine.exe -t 1 -remote D:/FDTD/metaatom/metaatom/metaatom/G_COLOR_Poly-Si.fsp
number of processors is 1
processors are distributed as: 1x1x1
Running 3D Simulation
Starting meshing
Simulation size in gridpoints: 14 x 14 x 284
Refined 0 mesh cells (0%)
Completed meshing!
Meshing complete in 0.21875 seconds of CPU time
Starting meshing
Simulation size in gridpoints: 14 x 14 x 284
Refined 0 mesh cells (0%)
Completed meshing!
Meshing complete in 0.203125 seconds of CPU time
Starting meshing
Simulation size in gridpoints: 14 x 14 x 284
Refined 0 mesh cells (0%)
Completed meshing!
Meshing complete in 0.203125 seconds of CPU time
31448 31448
28904 28904
10304 10304
finished material properties
Meshing Time: 0 seconds, Init Electrical Material Time: 0 seconds, Init Magnetic Material Time: 0
Using selected optimization level: 2
Selecting 3d kernel for splitFieldDirection=0 and optLevel=2
-----------------------------------------
Beginning initialization of 3D Simulation
Starting to add sources to simulation
Adding 3D Gaussian source propagating in Z
Starting to add boundary conditions to simulation
Adding 3D Periodic BC
Adding 3D Periodic BC
Adding 3D Periodic BC
Adding 3D Periodic BC
Adding 3D PML BC
Adding 3D PML BC
Starting to add monitors to Simulation
Adding analysis monitor
Adding 3D DFT monitor
Adding 3D movie monitor
Adding 3D DFT monitor
Finished initialization of 3D Simulation
-----------------------------------------
All processes are communicating and ready to proceed to simulation...
Starting 31181 total iterations
0% complete. Max time remaining: 53 secs. Auto Shutoff: 1
2% complete. Max time remaining: 52 secs. Auto Shutoff: 1
3% complete. Max time remaining: 52 secs. Auto Shutoff: 1.29833
7% complete. Max time remaining: 49 secs. Auto Shutoff: 0.111316
10% complete. Max time remaining: 47 secs. Auto Shutoff: 0.00676465
13% complete. Max time remaining: 45 secs. Auto Shutoff: 0.00109385
16% complete. Max time remaining: 43 secs. Auto Shutoff: 0.000295005
20% complete. Max time remaining: 41 secs. Auto Shutoff: 5.02697e-005
22% complete. Max time remaining: 40 secs. Auto Shutoff: 9.99482e-006
100% complete. Max time remaining: 0 mins, 0 secs. Auto Shutoff: 9.99482e-006
Early termination of simulation, the autoshutoff criteria are satisfied.
Completed 6954 iterations, or 2.230177e-013s of Simulation Time
Process 0 starting to collect data
    collecting monitor data
    collecting source data
Finished collecting data
Simulation completed successfully at: Thu Aug 29 12:36:45 2019
Overall wall time measurements in seconds:
    time to mesh and initialize: 0
    time to run FDTD simulation: 12
    time to finalize data and save to files: 0
    FDTD solver speed: 32.2573 Mnodes/s
    total FDTD solver speed on 1 processes: 32.2573 Mnodes/s
